2025-04-18 22:48:27 - AutoTabPFN_SingleOutput_v6_FuncPred_M1_W1_F0_T1_E1_AutoFS1_Avg5_NoCV_2025-04-18_22-48-27 - INFO - --- Starting Run: AutoTabPFN_SingleOutput_v6_FuncPred_M1_W1_F0_T1_E1_AutoFS1_Avg5_NoCV_2025-04-18_22-48-27 ---
2025-04-18 22:48:27 - AutoTabPFN_SingleOutput_v6_FuncPred_M1_W1_F0_T1_E1_AutoFS1_Avg5_NoCV_2025-04-18_22-48-27 - INFO - Predicting Functional Outcome (Benzel Score)
2025-04-18 22:48:27 - AutoTabPFN_SingleOutput_v6_FuncPred_M1_W1_F0_T1_E1_AutoFS1_Avg5_NoCV_2025-04-18_22-48-27 - INFO - Selected Model Type: AutoTabPFN
2025-04-18 22:48:27 - AutoTabPFN_SingleOutput_v6_FuncPred_M1_W1_F0_T1_E1_AutoFS1_Avg5_NoCV_2025-04-18_22-48-27 - INFO - Manual Averaging Enabled: True (Runs: 5)
2025-04-18 22:48:27 - AutoTabPFN_SingleOutput_v6_FuncPred_M1_W1_F0_T1_E1_AutoFS1_Avg5_NoCV_2025-04-18_22-48-27 - INFO - Cross-Validation Enabled: False
2025-04-18 22:48:27 - AutoTabPFN_SingleOutput_v6_FuncPred_M1_W1_F0_T1_E1_AutoFS1_Avg5_NoCV_2025-04-18_22-48-27 - INFO - Base AutoTabPFN Parameters: {'device': 'cuda', 'max_time': 300}
2025-04-18 22:48:27 - AutoTabPFN_SingleOutput_v6_FuncPred_M1_W1_F0_T1_E1_AutoFS1_Avg5_NoCV_2025-04-18_22-48-27 - INFO - Manual Feature Selection: Metadata=True, Week1=True, FE_Wk1=False, TargetTime=True, FutureMotor=True
2025-04-18 22:48:27 - AutoTabPFN_SingleOutput_v6_FuncPred_M1_W1_F0_T1_E1_AutoFS1_Avg5_NoCV_2025-04-18_22-48-27 - INFO - Automated Feature Selection Enabled: True (VarThresh=0.01, CorrThresh=0.95, K=75)
2025-04-18 22:48:27 - AutoTabPFN_SingleOutput_v6_FuncPred_M1_W1_F0_T1_E1_AutoFS1_Avg5_NoCV_2025-04-18_22-48-27 - INFO - External Predictions File (Test): ./submission_TabPFN_MultiOutput_v6_FE_native_nan_Avg5_NoCV_2025-04-17_21-38-13.csv
2025-04-18 22:48:27 - AutoTabPFN_SingleOutput_v6_FuncPred_M1_W1_F0_T1_E1_AutoFS1_Avg5_NoCV_2025-04-18_22-48-27 - INFO - External Outcomes File (Train): ./train_outcomes_MS.csv
2025-04-18 22:48:27 - AutoTabPFN_SingleOutput_v6_FuncPred_M1_W1_F0_T1_E1_AutoFS1_Avg5_NoCV_2025-04-18_22-48-27 - INFO - Data Directory: ./
2025-04-18 22:48:27 - AutoTabPFN_SingleOutput_v6_FuncPred_M1_W1_F0_T1_E1_AutoFS1_Avg5_NoCV_2025-04-18_22-48-27 - INFO - Output Submission File: ./submission_AutoTabPFN_SingleOutput_v6_FuncPred_M1_W1_F0_T1_E1_AutoFS1_Avg5_NoCV_2025-04-18_22-48-27.csv
2025-04-18 22:48:27 - AutoTabPFN_SingleOutput_v6_FuncPred_M1_W1_F0_T1_E1_AutoFS1_Avg5_NoCV_2025-04-18_22-48-27 - INFO - CUDA (GPU) available.
2025-04-18 22:48:27 - AutoTabPFN_SingleOutput_v6_FuncPred_M1_W1_F0_T1_E1_AutoFS1_Avg5_NoCV_2025-04-18_22-48-27 - INFO - Loading base data...
2025-04-18 22:48:27 - AutoTabPFN_SingleOutput_v6_FuncPred_M1_W1_F0_T1_E1_AutoFS1_Avg5_NoCV_2025-04-18_22-48-27 - WARNING - Replacing value 9 with NaN globally.
2025-04-18 22:48:27 - AutoTabPFN_SingleOutput_v6_FuncPred_M1_W1_F0_T1_E1_AutoFS1_Avg5_NoCV_2025-04-18_22-48-27 - INFO - Base data loaded.
2025-04-18 22:48:27 - AutoTabPFN_SingleOutput_v6_FuncPred_M1_W1_F0_T1_E1_AutoFS1_Avg5_NoCV_2025-04-18_22-48-27 - INFO - Loading external future motor score data...
2025-04-18 22:48:27 - AutoTabPFN_SingleOutput_v6_FuncPred_M1_W1_F0_T1_E1_AutoFS1_Avg5_NoCV_2025-04-18_22-48-27 - INFO - Loaded test preds: ./submission_TabPFN_MultiOutput_v6_FE_native_nan_Avg5_NoCV_2025-04-17_21-38-13.csv (Shape: (122, 22))
2025-04-18 22:48:27 - AutoTabPFN_SingleOutput_v6_FuncPred_M1_W1_F0_T1_E1_AutoFS1_Avg5_NoCV_2025-04-18_22-48-27 - INFO - Loaded train actuals: ./train_outcomes_MS.csv (Shape: (544, 22))
2025-04-18 22:48:27 - AutoTabPFN_SingleOutput_v6_FuncPred_M1_W1_F0_T1_E1_AutoFS1_Avg5_NoCV_2025-04-18_22-48-27 - INFO - Identifying initial feature groups...
2025-04-18 22:48:27 - AutoTabPFN_SingleOutput_v6_FuncPred_M1_W1_F0_T1_E1_AutoFS1_Avg5_NoCV_2025-04-18_22-48-27 - INFO - Identified 13 metadata, 135 common Week 1 cols.
2025-04-18 22:48:27 - AutoTabPFN_SingleOutput_v6_FuncPred_M1_W1_F0_T1_E1_AutoFS1_Avg5_NoCV_2025-04-18_22-48-27 - INFO - Preparing training data (initial merge)...
2025-04-18 22:48:27 - AutoTabPFN_SingleOutput_v6_FuncPred_M1_W1_F0_T1_E1_AutoFS1_Avg5_NoCV_2025-04-18_22-48-27 - INFO - Performing Feature Engineering (from Week 1 data)...
2025-04-18 22:48:27 - AutoTabPFN_SingleOutput_v6_FuncPred_M1_W1_F0_T1_E1_AutoFS1_Avg5_NoCV_2025-04-18_22-48-27 - INFO - Shape after Wk1 FE: (675, 171)
2025-04-18 22:48:27 - AutoTabPFN_SingleOutput_v6_FuncPred_M1_W1_F0_T1_E1_AutoFS1_Avg5_NoCV_2025-04-18_22-48-27 - INFO - Identified 22 Week 1 engineered features.
2025-04-18 22:48:27 - AutoTabPFN_SingleOutput_v6_FuncPred_M1_W1_F0_T1_E1_AutoFS1_Avg5_NoCV_2025-04-18_22-48-27 - INFO - Performing Feature Engineering (from Future Motor Scores)...
2025-04-18 22:48:27 - AutoTabPFN_SingleOutput_v6_FuncPred_M1_W1_F0_T1_E1_AutoFS1_Avg5_NoCV_2025-04-18_22-48-27 - INFO - Generated 6 features (suffix: _FutureActual).
2025-04-18 22:48:27 - AutoTabPFN_SingleOutput_v6_FuncPred_M1_W1_F0_T1_E1_AutoFS1_Avg5_NoCV_2025-04-18_22-48-27 - INFO - Generated 6 features (suffix: _FuturePred).
2025-04-18 22:48:27 - AutoTabPFN_SingleOutput_v6_FuncPred_M1_W1_F0_T1_E1_AutoFS1_Avg5_NoCV_2025-04-18_22-48-27 - INFO - Identified 6 future motor engineered features.
2025-04-18 22:48:27 - AutoTabPFN_SingleOutput_v6_FuncPred_M1_W1_F0_T1_E1_AutoFS1_Avg5_NoCV_2025-04-18_22-48-27 - INFO - Merging future motor features into training data...
2025-04-18 22:48:27 - AutoTabPFN_SingleOutput_v6_FuncPred_M1_W1_F0_T1_E1_AutoFS1_Avg5_NoCV_2025-04-18_22-48-27 - WARNING - Found 786 NaNs in future motor features after merge (train).
2025-04-18 22:48:27 - AutoTabPFN_SingleOutput_v6_FuncPred_M1_W1_F0_T1_E1_AutoFS1_Avg5_NoCV_2025-04-18_22-48-27 - INFO - Selecting initial feature set based on manual configuration...
2025-04-18 22:48:27 - AutoTabPFN_SingleOutput_v6_FuncPred_M1_W1_F0_T1_E1_AutoFS1_Avg5_NoCV_2025-04-18_22-48-27 - INFO - Manually selected 154 base features (before target_time/autoFS).
2025-04-18 22:48:27 - AutoTabPFN_SingleOutput_v6_FuncPred_M1_W1_F0_T1_E1_AutoFS1_Avg5_NoCV_2025-04-18_22-48-27 - INFO - Merging outcomes and finalizing training data (pre-autoFS)...
2025-04-18 22:48:27 - AutoTabPFN_SingleOutput_v6_FuncPred_M1_W1_F0_T1_E1_AutoFS1_Avg5_NoCV_2025-04-18_22-48-27 - INFO - Dropped 0 rows with missing target.
2025-04-18 22:48:27 - AutoTabPFN_SingleOutput_v6_FuncPred_M1_W1_F0_T1_E1_AutoFS1_Avg5_NoCV_2025-04-18_22-48-27 - INFO - Including 'target_time' in initial feature set.
2025-04-18 22:48:27 - AutoTabPFN_SingleOutput_v6_FuncPred_M1_W1_F0_T1_E1_AutoFS1_Avg5_NoCV_2025-04-18_22-48-27 - INFO - Training data shape before autoFS: (582, 155)
2025-04-18 22:48:27 - AutoTabPFN_SingleOutput_v6_FuncPred_M1_W1_F0_T1_E1_AutoFS1_Avg5_NoCV_2025-04-18_22-48-27 - INFO - Preparing test data (pre-autoFS)...
2025-04-18 22:48:27 - AutoTabPFN_SingleOutput_v6_FuncPred_M1_W1_F0_T1_E1_AutoFS1_Avg5_NoCV_2025-04-18_22-48-27 - INFO - Shape after Wk1 FE: (122, 171)
