2025-04-17 23:21:16 - TabPFN_SingleOutput_v2_FuncPred_FE_Avg5_NoCV_2025-04-17_23-21-16 - INFO - --- Starting Run: TabPFN_SingleOutput_v2_FuncPred_FE_Avg5_NoCV_2025-04-17_23-21-16 ---
2025-04-17 23:21:16 - TabPFN_SingleOutput_v2_FuncPred_FE_Avg5_NoCV_2025-04-17_23-21-16 - INFO - Predicting Functional Outcome (Benzel Score)
2025-04-17 23:21:16 - TabPFN_SingleOutput_v2_FuncPred_FE_Avg5_NoCV_2025-04-17_23-21-16 - INFO - Selected Model Type: TabPFN
2025-04-17 23:21:16 - TabPFN_SingleOutput_v2_FuncPred_FE_Avg5_NoCV_2025-04-17_23-21-16 - INFO - Manual Averaging Enabled: True (Runs: 5)
2025-04-17 23:21:16 - TabPFN_SingleOutput_v2_FuncPred_FE_Avg5_NoCV_2025-04-17_23-21-16 - INFO - Cross-Validation Enabled: False
2025-04-17 23:21:16 - TabPFN_SingleOutput_v2_FuncPred_FE_Avg5_NoCV_2025-04-17_23-21-16 - INFO - Base TabPFN Parameters: {'device': 'cuda'}
2025-04-17 23:21:16 - TabPFN_SingleOutput_v2_FuncPred_FE_Avg5_NoCV_2025-04-17_23-21-16 - INFO - Data Directory: ./
2025-04-17 23:21:16 - TabPFN_SingleOutput_v2_FuncPred_FE_Avg5_NoCV_2025-04-17_23-21-16 - INFO - Output Submission File: ./submission_TabPFN_SingleOutput_v2_FuncPred_FE_Avg5_NoCV_2025-04-17_23-21-16.csv
2025-04-17 23:21:16 - TabPFN_SingleOutput_v2_FuncPred_FE_Avg5_NoCV_2025-04-17_23-21-16 - INFO - Loading data...
2025-04-17 23:21:16 - TabPFN_SingleOutput_v2_FuncPred_FE_Avg5_NoCV_2025-04-17_23-21-16 - WARNING - Replacing value 9 with NaN globally. Verify appropriateness.
2025-04-17 23:21:16 - TabPFN_SingleOutput_v2_FuncPred_FE_Avg5_NoCV_2025-04-17_23-21-16 - INFO - Data loaded successfully.
2025-04-17 23:21:16 - TabPFN_SingleOutput_v2_FuncPred_FE_Avg5_NoCV_2025-04-17_23-21-16 - INFO - Identifying features and target...
2025-04-17 23:21:16 - TabPFN_SingleOutput_v2_FuncPred_FE_Avg5_NoCV_2025-04-17_23-21-16 - INFO - Using 135 Week 1 feature columns common to train and test.
2025-04-17 23:21:16 - TabPFN_SingleOutput_v2_FuncPred_FE_Avg5_NoCV_2025-04-17_23-21-16 - INFO - Using 13 metadata columns.
2025-04-17 23:21:16 - TabPFN_SingleOutput_v2_FuncPred_FE_Avg5_NoCV_2025-04-17_23-21-16 - INFO - Target column: modben
2025-04-17 23:21:16 - TabPFN_SingleOutput_v2_FuncPred_FE_Avg5_NoCV_2025-04-17_23-21-16 - INFO - Preparing training data (initial merge)...
2025-04-17 23:21:16 - TabPFN_SingleOutput_v2_FuncPred_FE_Avg5_NoCV_2025-04-17_23-21-16 - INFO - Training data shape after initial merge: (675, 149)
2025-04-17 23:21:16 - TabPFN_SingleOutput_v2_FuncPred_FE_Avg5_NoCV_2025-04-17_23-21-16 - INFO - Performing Feature Engineering...
2025-04-17 23:21:16 - TabPFN_SingleOutput_v2_FuncPred_FE_Avg5_NoCV_2025-04-17_23-21-16 - INFO - Shape after feature engineering: (675, 171)
2025-04-17 23:21:16 - TabPFN_SingleOutput_v2_FuncPred_FE_Avg5_NoCV_2025-04-17_23-21-16 - INFO - Training data shape after merging outcomes: (582, 173)
2025-04-17 23:21:16 - TabPFN_SingleOutput_v2_FuncPred_FE_Avg5_NoCV_2025-04-17_23-21-16 - INFO - Dropped 0 rows with missing values in TARGET column 'modben'.
2025-04-17 23:21:16 - TabPFN_SingleOutput_v2_FuncPred_FE_Avg5_NoCV_2025-04-17_23-21-16 - INFO - Final training data shapes (post FE, target NaNs dropped): X_train=(582, 171), y_train=(582,)
2025-04-17 23:21:16 - TabPFN_SingleOutput_v2_FuncPred_FE_Avg5_NoCV_2025-04-17_23-21-16 - INFO - Final FEATURES list includes 171 columns.
2025-04-17 23:21:16 - TabPFN_SingleOutput_v2_FuncPred_FE_Avg5_NoCV_2025-04-17_23-21-16 - WARNING - Final X_train contains 7365 NaNs (expected for numerical if FE introduced them).
2025-04-17 23:21:16 - TabPFN_SingleOutput_v2_FuncPred_FE_Avg5_NoCV_2025-04-17_23-21-16 - INFO - Preparing test data...
2025-04-17 23:21:16 - TabPFN_SingleOutput_v2_FuncPred_FE_Avg5_NoCV_2025-04-17_23-21-16 - INFO - Test data shape after initial merge: (122, 149)
2025-04-17 23:21:16 - TabPFN_SingleOutput_v2_FuncPred_FE_Avg5_NoCV_2025-04-17_23-21-16 - INFO - Shape after feature engineering: (122, 171)
2025-04-17 23:21:16 - TabPFN_SingleOutput_v2_FuncPred_FE_Avg5_NoCV_2025-04-17_23-21-16 - INFO - Test data shape after merging template info: (118, 172)
2025-04-17 23:21:16 - TabPFN_SingleOutput_v2_FuncPred_FE_Avg5_NoCV_2025-04-17_23-21-16 - INFO - Aligning columns between final X_train and X_test...
2025-04-17 23:21:16 - TabPFN_SingleOutput_v2_FuncPred_FE_Avg5_NoCV_2025-04-17_23-21-16 - INFO - Test data shape (post FE, aligned): X_test=(118, 171)
2025-04-17 23:21:16 - TabPFN_SingleOutput_v2_FuncPred_FE_Avg5_NoCV_2025-04-17_23-21-16 - WARNING - Final X_test contains 555 NaNs (expected for numerical).
2025-04-17 23:21:16 - TabPFN_SingleOutput_v2_FuncPred_FE_Avg5_NoCV_2025-04-17_23-21-16 - INFO - Setting up preprocessing pipeline (Encode Cat/Ord, Explicit Passthrough Numerical)...
2025-04-17 23:21:16 - TabPFN_SingleOutput_v2_FuncPred_FE_Avg5_NoCV_2025-04-17_23-21-16 - INFO - Encoding 4 Categorical Features.
2025-04-17 23:21:16 - TabPFN_SingleOutput_v2_FuncPred_FE_Avg5_NoCV_2025-04-17_23-21-16 - INFO - Encoding 1 Ordinal Features.
2025-04-17 23:21:16 - TabPFN_SingleOutput_v2_FuncPred_FE_Avg5_NoCV_2025-04-17_23-21-16 - INFO - Passing through 166 Numerical Features (including FE).
2025-04-17 23:21:16 - TabPFN_SingleOutput_v2_FuncPred_FE_Avg5_NoCV_2025-04-17_23-21-16 - INFO - Column assignment verification successful.
2025-04-17 23:21:16 - TabPFN_SingleOutput_v2_FuncPred_FE_Avg5_NoCV_2025-04-17_23-21-16 - INFO - Defining base TabPFN model structure...
2025-04-17 23:21:16 - TabPFN_SingleOutput_v2_FuncPred_FE_Avg5_NoCV_2025-04-17_23-21-16 - INFO - --- Mode: Training 5 models for averaging ---
2025-04-17 23:21:16 - TabPFN_SingleOutput_v2_FuncPred_FE_Avg5_NoCV_2025-04-17_23-21-16 - INFO - --- Starting Averaging Run 1/5 (Seed: 42) ---
2025-04-17 23:21:16 - TabPFN_SingleOutput_v2_FuncPred_FE_Avg5_NoCV_2025-04-17_23-21-16 - INFO - Cloned pipeline and set regressor random_state to 42
2025-04-17 23:21:16 - TabPFN_SingleOutput_v2_FuncPred_FE_Avg5_NoCV_2025-04-17_23-21-16 - INFO - Training model...
2025-04-17 23:21:18 - TabPFN_SingleOutput_v2_FuncPred_FE_Avg5_NoCV_2025-04-17_23-21-16 - INFO - Training complete for run 1. Time: 0:00:02.303263
2025-04-17 23:21:18 - TabPFN_SingleOutput_v2_FuncPred_FE_Avg5_NoCV_2025-04-17_23-21-16 - INFO - Making predictions for this run...
2025-04-17 23:21:22 - TabPFN_SingleOutput_v2_FuncPred_FE_Avg5_NoCV_2025-04-17_23-21-16 - INFO - Predictions stored.
2025-04-17 23:21:22 - TabPFN_SingleOutput_v2_FuncPred_FE_Avg5_NoCV_2025-04-17_23-21-16 - INFO - --- Starting Averaging Run 2/5 (Seed: 43) ---
2025-04-17 23:21:22 - TabPFN_SingleOutput_v2_FuncPred_FE_Avg5_NoCV_2025-04-17_23-21-16 - INFO - Cloned pipeline and set regressor random_state to 43
2025-04-17 23:21:22 - TabPFN_SingleOutput_v2_FuncPred_FE_Avg5_NoCV_2025-04-17_23-21-16 - INFO - Training model...
2025-04-17 23:21:24 - TabPFN_SingleOutput_v2_FuncPred_FE_Avg5_NoCV_2025-04-17_23-21-16 - INFO - Training complete for run 2. Time: 0:00:02.167253
2025-04-17 23:21:24 - TabPFN_SingleOutput_v2_FuncPred_FE_Avg5_NoCV_2025-04-17_23-21-16 - INFO - Making predictions for this run...
2025-04-17 23:21:27 - TabPFN_SingleOutput_v2_FuncPred_FE_Avg5_NoCV_2025-04-17_23-21-16 - INFO - Predictions stored.
2025-04-17 23:21:27 - TabPFN_SingleOutput_v2_FuncPred_FE_Avg5_NoCV_2025-04-17_23-21-16 - INFO - --- Starting Averaging Run 3/5 (Seed: 44) ---
2025-04-17 23:21:27 - TabPFN_SingleOutput_v2_FuncPred_FE_Avg5_NoCV_2025-04-17_23-21-16 - INFO - Cloned pipeline and set regressor random_state to 44
2025-04-17 23:21:27 - TabPFN_SingleOutput_v2_FuncPred_FE_Avg5_NoCV_2025-04-17_23-21-16 - INFO - Training model...
2025-04-17 23:21:29 - TabPFN_SingleOutput_v2_FuncPred_FE_Avg5_NoCV_2025-04-17_23-21-16 - INFO - Training complete for run 3. Time: 0:00:02.087749
2025-04-17 23:21:29 - TabPFN_SingleOutput_v2_FuncPred_FE_Avg5_NoCV_2025-04-17_23-21-16 - INFO - Making predictions for this run...
2025-04-17 23:21:31 - TabPFN_SingleOutput_v2_FuncPred_FE_Avg5_NoCV_2025-04-17_23-21-16 - INFO - Predictions stored.
2025-04-17 23:21:32 - TabPFN_SingleOutput_v2_FuncPred_FE_Avg5_NoCV_2025-04-17_23-21-16 - INFO - --- Starting Averaging Run 4/5 (Seed: 45) ---
2025-04-17 23:21:32 - TabPFN_SingleOutput_v2_FuncPred_FE_Avg5_NoCV_2025-04-17_23-21-16 - INFO - Cloned pipeline and set regressor random_state to 45
2025-04-17 23:21:32 - TabPFN_SingleOutput_v2_FuncPred_FE_Avg5_NoCV_2025-04-17_23-21-16 - INFO - Training model...
2025-04-17 23:21:34 - TabPFN_SingleOutput_v2_FuncPred_FE_Avg5_NoCV_2025-04-17_23-21-16 - INFO - Training complete for run 4. Time: 0:00:02.168769
2025-04-17 23:21:34 - TabPFN_SingleOutput_v2_FuncPred_FE_Avg5_NoCV_2025-04-17_23-21-16 - INFO - Making predictions for this run...
2025-04-17 23:21:36 - TabPFN_SingleOutput_v2_FuncPred_FE_Avg5_NoCV_2025-04-17_23-21-16 - INFO - Predictions stored.
2025-04-17 23:21:36 - TabPFN_SingleOutput_v2_FuncPred_FE_Avg5_NoCV_2025-04-17_23-21-16 - INFO - --- Starting Averaging Run 5/5 (Seed: 46) ---
2025-04-17 23:21:36 - TabPFN_SingleOutput_v2_FuncPred_FE_Avg5_NoCV_2025-04-17_23-21-16 - INFO - Cloned pipeline and set regressor random_state to 46
2025-04-17 23:21:36 - TabPFN_SingleOutput_v2_FuncPred_FE_Avg5_NoCV_2025-04-17_23-21-16 - INFO - Training model...
2025-04-17 23:21:38 - TabPFN_SingleOutput_v2_FuncPred_FE_Avg5_NoCV_2025-04-17_23-21-16 - INFO - Training complete for run 5. Time: 0:00:02.189806
2025-04-17 23:21:38 - TabPFN_SingleOutput_v2_FuncPred_FE_Avg5_NoCV_2025-04-17_23-21-16 - INFO - Making predictions for this run...
2025-04-17 23:21:40 - TabPFN_SingleOutput_v2_FuncPred_FE_Avg5_NoCV_2025-04-17_23-21-16 - INFO - Predictions stored.
2025-04-17 23:21:41 - TabPFN_SingleOutput_v2_FuncPred_FE_Avg5_NoCV_2025-04-17_23-21-16 - INFO - Averaging predictions across 5 successful runs...
2025-04-17 23:21:41 - TabPFN_SingleOutput_v2_FuncPred_FE_Avg5_NoCV_2025-04-17_23-21-16 - INFO - Averaging complete.
2025-04-17 23:21:41 - TabPFN_SingleOutput_v2_FuncPred_FE_Avg5_NoCV_2025-04-17_23-21-16 - INFO - Post-processing final predictions...
2025-04-17 23:21:41 - TabPFN_SingleOutput_v2_FuncPred_FE_Avg5_NoCV_2025-04-17_23-21-16 - INFO - Actual target range in training data: [1, 9]
2025-04-17 23:21:41 - TabPFN_SingleOutput_v2_FuncPred_FE_Avg5_NoCV_2025-04-17_23-21-16 - WARNING - Defined score range [1, 8] differs from actual training range [1, 9]. Verify clipping range.
2025-04-17 23:21:41 - TabPFN_SingleOutput_v2_FuncPred_FE_Avg5_NoCV_2025-04-17_23-21-16 - INFO - Clipping predictions to range [1, 8] and rounding.
2025-04-17 23:21:41 - TabPFN_SingleOutput_v2_FuncPred_FE_Avg5_NoCV_2025-04-17_23-21-16 - INFO - Clamping and rounding complete.
2025-04-17 23:21:41 - TabPFN_SingleOutput_v2_FuncPred_FE_Avg5_NoCV_2025-04-17_23-21-16 - INFO - Generating submission file...
2025-04-17 23:21:41 - TabPFN_SingleOutput_v2_FuncPred_FE_Avg5_NoCV_2025-04-17_23-21-16 - INFO - Submission file saved to './submission_TabPFN_SingleOutput_v2_FuncPred_FE_Avg5_NoCV_2025-04-17_23-21-16.csv'
2025-04-17 23:21:41 - TabPFN_SingleOutput_v2_FuncPred_FE_Avg5_NoCV_2025-04-17_23-21-16 - INFO - --- Finished Run: TabPFN_SingleOutput_v2_FuncPred_FE_Avg5_NoCV_2025-04-17_23-21-16 ---
