2025-04-09 17:41:40 - LGBM_MultiOutput_RandomSearch_v3_dropna_rounded_2025-04-09_17-41-40 - INFO - --- Starting Run: LGBM_MultiOutput_RandomSearch_v3_dropna_rounded_2025-04-09_17-41-40 ---
2025-04-09 17:41:40 - LGBM_MultiOutput_RandomSearch_v3_dropna_rounded_2025-04-09_17-41-40 - INFO - Data Directory: ./
2025-04-09 17:41:40 - LGBM_MultiOutput_RandomSearch_v3_dropna_rounded_2025-04-09_17-41-40 - INFO - Output Submission File: ./submission_baseline_v2_dropna.csv
2025-04-09 17:41:40 - LGBM_MultiOutput_RandomSearch_v3_dropna_rounded_2025-04-09_17-41-40 - INFO - Training data shape after NaN drop: X_train=(81, 149), y_train=(81, 20)
2025-04-09 17:41:40 - LGBM_MultiOutput_RandomSearch_v3_dropna_rounded_2025-04-09_17-41-40 - INFO - Test data shape: X_test=(122, 149)
2025-04-09 17:41:40 - LGBM_MultiOutput_RandomSearch_v3_dropna_rounded_2025-04-09_17-41-40 - INFO - Starting RandomizedSearchCV with n_iter=50
2025-04-09 17:46:51 - LGBM_MultiOutput_RandomSearch_v3_dropna_rounded_2025-04-09_17-46-51 - INFO - --- Starting Run: LGBM_MultiOutput_RandomSearch_v3_dropna_rounded_2025-04-09_17-46-51 ---
2025-04-09 17:46:51 - LGBM_MultiOutput_RandomSearch_v3_dropna_rounded_2025-04-09_17-46-51 - INFO - Data Directory: ./
2025-04-09 17:46:51 - LGBM_MultiOutput_RandomSearch_v3_dropna_rounded_2025-04-09_17-46-51 - INFO - Output Submission File: ./submission_baseline_v2_dropna.csv
2025-04-09 17:46:51 - LGBM_MultiOutput_RandomSearch_v3_dropna_rounded_2025-04-09_17-46-51 - INFO - Training data shape after NaN drop: X_train=(81, 149), y_train=(81, 20)
2025-04-09 17:46:51 - LGBM_MultiOutput_RandomSearch_v3_dropna_rounded_2025-04-09_17-46-51 - INFO - Test data shape: X_test=(122, 149)
2025-04-09 17:46:51 - LGBM_MultiOutput_RandomSearch_v3_dropna_rounded_2025-04-09_17-46-51 - INFO - Starting RandomizedSearchCV with n_iter=50
2025-04-09 17:52:00 - LGBM_MultiOutput_RandomSearch_v3_dropna_rounded_2025-04-09_17-52-00 - INFO - --- Starting Run: LGBM_MultiOutput_RandomSearch_v3_dropna_rounded_2025-04-09_17-52-00 ---
2025-04-09 17:52:00 - LGBM_MultiOutput_RandomSearch_v3_dropna_rounded_2025-04-09_17-52-00 - INFO - Data Directory: ./
2025-04-09 17:52:00 - LGBM_MultiOutput_RandomSearch_v3_dropna_rounded_2025-04-09_17-52-00 - INFO - Output Submission File: ./submission_baseline_v2_dropna.csv
2025-04-09 17:52:00 - LGBM_MultiOutput_RandomSearch_v3_dropna_rounded_2025-04-09_17-52-00 - INFO - Training data shape after NaN drop: X_train=(81, 149), y_train=(81, 20)
2025-04-09 17:52:00 - LGBM_MultiOutput_RandomSearch_v3_dropna_rounded_2025-04-09_17-52-00 - INFO - Test data shape: X_test=(122, 149)
2025-04-09 17:52:00 - LGBM_MultiOutput_RandomSearch_v3_dropna_rounded_2025-04-09_17-52-00 - INFO - Starting RandomizedSearchCV with n_iter=50
2025-04-09 17:59:05 - LGBM_MultiOutput_RandomSearch_v3_dropna_rounded_2025-04-09_17-59-05 - INFO - --- Starting Run: LGBM_MultiOutput_RandomSearch_v3_dropna_rounded_2025-04-09_17-59-05 ---
2025-04-09 17:59:05 - LGBM_MultiOutput_RandomSearch_v3_dropna_rounded_2025-04-09_17-59-05 - INFO - Data Directory: ./
2025-04-09 17:59:05 - LGBM_MultiOutput_RandomSearch_v3_dropna_rounded_2025-04-09_17-59-05 - INFO - Output Submission File: ./submission_baseline_v2_dropna.csv
2025-04-09 17:59:06 - LGBM_MultiOutput_RandomSearch_v3_dropna_rounded_2025-04-09_17-59-05 - INFO - Training data shape after NaN drop: X_train=(81, 149), y_train=(81, 20)
2025-04-09 17:59:06 - LGBM_MultiOutput_RandomSearch_v3_dropna_rounded_2025-04-09_17-59-05 - INFO - Test data shape: X_test=(122, 149)
2025-04-09 17:59:06 - LGBM_MultiOutput_RandomSearch_v3_dropna_rounded_2025-04-09_17-59-05 - INFO - Starting RandomizedSearchCV with n_iter=5
2025-04-09 22:54:19 - LGBM_MultiOutput_RandomSearch_v3_dropna_rounded_2025-04-09_22-54-19 - INFO - --- Starting Run: LGBM_MultiOutput_RandomSearch_v3_dropna_rounded_2025-04-09_22-54-19 ---
2025-04-09 22:54:19 - LGBM_MultiOutput_RandomSearch_v3_dropna_rounded_2025-04-09_22-54-19 - INFO - Data Directory: ./
2025-04-09 22:54:19 - LGBM_MultiOutput_RandomSearch_v3_dropna_rounded_2025-04-09_22-54-19 - INFO - Output Submission File: ./submission_baseline_v2_dropna.csv
2025-04-09 22:54:19 - LGBM_MultiOutput_RandomSearch_v3_dropna_rounded_2025-04-09_22-54-19 - INFO - Training data shape after NaN drop: X_train=(81, 149), y_train=(81, 20)
2025-04-09 22:54:19 - LGBM_MultiOutput_RandomSearch_v3_dropna_rounded_2025-04-09_22-54-19 - INFO - Test data shape: X_test=(122, 149)
2025-04-09 22:54:19 - LGBM_MultiOutput_RandomSearch_v3_dropna_rounded_2025-04-09_22-54-19 - INFO - Starting RandomizedSearchCV with n_iter=2
2025-04-10 02:16:21 - LGBM_MultiOutput_RandomSearch_v3_dropna_rounded_2025-04-09_22-54-19 - INFO - Hyperparameter search complete.
2025-04-10 02:16:21 - LGBM_MultiOutput_RandomSearch_v3_dropna_rounded_2025-04-09_22-54-19 - INFO - Best CV RMSE: 1.6090
2025-04-10 02:16:21 - LGBM_MultiOutput_RandomSearch_v3_dropna_rounded_2025-04-09_22-54-19 - INFO - Best parameters: {'regressor__estimator__colsample_bytree': 0.749816047538945, 'regressor__estimator__learning_rate': 0.20014286128198325, 'regressor__estimator__max_depth': 10, 'regressor__estimator__n_estimators': 120, 'regressor__estimator__num_leaves': 58, 'regressor__estimator__reg_alpha': 0.44583275285359114, 'regressor__estimator__reg_lambda': 0.09997491581800289, 'regressor__estimator__subsample': 0.7836995567863468, 'regressor__estimator__subsample_freq': 4}
2025-04-10 02:16:21 - LGBM_MultiOutput_RandomSearch_v3_dropna_rounded_2025-04-09_22-54-19 - INFO - --- Finished Run: LGBM_MultiOutput_RandomSearch_v3_dropna_rounded_2025-04-09_22-54-19 ---
2025-04-10 13:10:27 - LGBM_MultiOutput_RandomSearch_v4_impute_rounded_2025-04-10_13-10-27 - INFO - --- Starting Run: LGBM_MultiOutput_RandomSearch_v4_impute_rounded_2025-04-10_13-10-27 ---
2025-04-10 13:10:27 - LGBM_MultiOutput_RandomSearch_v4_impute_rounded_2025-04-10_13-10-27 - INFO - Data Directory: ./
2025-04-10 13:10:27 - LGBM_MultiOutput_RandomSearch_v4_impute_rounded_2025-04-10_13-10-27 - INFO - Output Submission File: ./submission_baseline_v4_impute_rounded.csv
2025-04-10 13:10:27 - LGBM_MultiOutput_RandomSearch_v4_impute_rounded_2025-04-10_13-10-27 - INFO - Training data shape before imputation (target NaNs dropped): X_train=(544, 149), y_train=(544, 20)
2025-04-10 13:10:27 - LGBM_MultiOutput_RandomSearch_v4_impute_rounded_2025-04-10_13-10-27 - INFO - Test data shape: X_test=(122, 149)
2025-04-10 13:10:27 - LGBM_MultiOutput_RandomSearch_v4_impute_rounded_2025-04-10_13-10-27 - INFO - Starting RandomizedSearchCV with n_iter=2
2025-04-10 15:53:34 - LGBM_MultiOutput_RandomSearch_v5_lgbm_native_nan_2025-04-10_15-53-34 - INFO - --- Starting Run: LGBM_MultiOutput_RandomSearch_v5_lgbm_native_nan_2025-04-10_15-53-34 ---
2025-04-10 15:53:34 - LGBM_MultiOutput_RandomSearch_v5_lgbm_native_nan_2025-04-10_15-53-34 - INFO - Data Directory: ./
2025-04-10 15:53:34 - LGBM_MultiOutput_RandomSearch_v5_lgbm_native_nan_2025-04-10_15-53-34 - INFO - Output Submission File: ./submission_baseline_v2_dropna.csv
2025-04-10 15:56:12 - LGBM_MultiOutput_RandomSearch_v5_lgbm_native_nan_2025-04-10_15-56-12 - INFO - --- Starting Run: LGBM_MultiOutput_RandomSearch_v5_lgbm_native_nan_2025-04-10_15-56-12 ---
2025-04-10 15:56:12 - LGBM_MultiOutput_RandomSearch_v5_lgbm_native_nan_2025-04-10_15-56-12 - INFO - Data Directory: ./
2025-04-10 15:56:12 - LGBM_MultiOutput_RandomSearch_v5_lgbm_native_nan_2025-04-10_15-56-12 - INFO - Output Submission File: ./submission_baseline_v2_dropna.csv
2025-04-10 15:56:12 - LGBM_MultiOutput_RandomSearch_v5_lgbm_native_nan_2025-04-10_15-56-12 - INFO - No rows dropped due to missing targets.
2025-04-10 15:56:12 - LGBM_MultiOutput_RandomSearch_v5_lgbm_native_nan_2025-04-10_15-56-12 - INFO - Training data shape before preprocessing (target NaNs dropped): X_train=(544, 149), y_train=(544, 20)
2025-04-10 15:56:12 - LGBM_MultiOutput_RandomSearch_v5_lgbm_native_nan_2025-04-10_15-56-12 - INFO - Training data shape after NaN drop: X_train=(544, 149), y_train=(544, 20)
2025-04-10 15:56:12 - LGBM_MultiOutput_RandomSearch_v5_lgbm_native_nan_2025-04-10_15-56-12 - INFO - Test data shape: X_test=(122, 149)
2025-04-10 15:56:12 - LGBM_MultiOutput_RandomSearch_v5_lgbm_native_nan_2025-04-10_15-56-12 - INFO - Setting up preprocessing pipeline (Encoders + Selective Impute, No Scaler)...
2025-04-10 15:56:12 - LGBM_MultiOutput_RandomSearch_v5_lgbm_native_nan_2025-04-10_15-56-12 - INFO - Encoding Categorical Features (4): ['age_category', 'bmi_category', 'tx1_r', 'sexcd']
2025-04-10 15:56:12 - LGBM_MultiOutput_RandomSearch_v5_lgbm_native_nan_2025-04-10_15-56-12 - INFO - Encoding Ordinal Features (1): ['ais1']
2025-04-10 15:56:12 - LGBM_MultiOutput_RandomSearch_v5_lgbm_native_nan_2025-04-10_15-56-12 - INFO - Passing through Numerical Features (144)
2025-04-10 15:56:12 - LGBM_MultiOutput_RandomSearch_v5_lgbm_native_nan_2025-04-10_15-56-12 - INFO - Starting RandomizedSearchCV with n_iter=2
2025-04-10 23:13:32 - LGBM_MultiOutput_RandomSearch_v5_lgbm_native_nan_2025-04-10_23-13-32 - INFO - --- Starting Run: LGBM_MultiOutput_RandomSearch_v5_lgbm_native_nan_2025-04-10_23-13-32 ---
2025-04-10 23:13:32 - LGBM_MultiOutput_RandomSearch_v5_lgbm_native_nan_2025-04-10_23-13-32 - INFO - Data Directory: ./
2025-04-10 23:13:32 - LGBM_MultiOutput_RandomSearch_v5_lgbm_native_nan_2025-04-10_23-13-32 - INFO - Output Submission File: ./submission_baseline_v2_dropna.csv
2025-04-10 23:13:32 - LGBM_MultiOutput_RandomSearch_v5_lgbm_native_nan_2025-04-10_23-13-32 - INFO - No rows dropped due to missing targets.
2025-04-10 23:13:32 - LGBM_MultiOutput_RandomSearch_v5_lgbm_native_nan_2025-04-10_23-13-32 - INFO - Training data shape before preprocessing (target NaNs dropped): X_train=(544, 149), y_train=(544, 20)
2025-04-10 23:13:32 - LGBM_MultiOutput_RandomSearch_v5_lgbm_native_nan_2025-04-10_23-13-32 - INFO - Training data shape after NaN drop: X_train=(544, 149), y_train=(544, 20)
2025-04-10 23:13:32 - LGBM_MultiOutput_RandomSearch_v5_lgbm_native_nan_2025-04-10_23-13-32 - INFO - Test data shape: X_test=(122, 149)
2025-04-10 23:13:32 - LGBM_MultiOutput_RandomSearch_v5_lgbm_native_nan_2025-04-10_23-13-32 - INFO - Setting up preprocessing pipeline (Encoders + Selective Impute, No Scaler)...
2025-04-10 23:13:32 - LGBM_MultiOutput_RandomSearch_v5_lgbm_native_nan_2025-04-10_23-13-32 - INFO - Encoding Categorical Features (4): ['age_category', 'bmi_category', 'tx1_r', 'sexcd']
2025-04-10 23:13:32 - LGBM_MultiOutput_RandomSearch_v5_lgbm_native_nan_2025-04-10_23-13-32 - INFO - Encoding Ordinal Features (1): ['ais1']
2025-04-10 23:13:32 - LGBM_MultiOutput_RandomSearch_v5_lgbm_native_nan_2025-04-10_23-13-32 - INFO - Passing through Numerical Features (144)
2025-04-10 23:13:32 - LGBM_MultiOutput_RandomSearch_v5_lgbm_native_nan_2025-04-10_23-13-32 - INFO - Starting RandomizedSearchCV with n_iter=1
2025-04-10 23:17:24 - LGBM_MultiOutput_RandomSearch_v5_lgbm_native_nan_2025-04-10_23-17-24 - INFO - --- Starting Run: LGBM_MultiOutput_RandomSearch_v5_lgbm_native_nan_2025-04-10_23-17-24 ---
2025-04-10 23:17:24 - LGBM_MultiOutput_RandomSearch_v5_lgbm_native_nan_2025-04-10_23-17-24 - INFO - Data Directory: ./
2025-04-10 23:17:24 - LGBM_MultiOutput_RandomSearch_v5_lgbm_native_nan_2025-04-10_23-17-24 - INFO - Output Submission File: ./submission_baseline_v2_dropna.csv
2025-04-10 23:17:24 - LGBM_MultiOutput_RandomSearch_v5_lgbm_native_nan_2025-04-10_23-17-24 - INFO - No rows dropped due to missing targets.
2025-04-10 23:17:24 - LGBM_MultiOutput_RandomSearch_v5_lgbm_native_nan_2025-04-10_23-17-24 - INFO - Training data shape before preprocessing (target NaNs dropped): X_train=(544, 149), y_train=(544, 20)
2025-04-10 23:17:24 - LGBM_MultiOutput_RandomSearch_v5_lgbm_native_nan_2025-04-10_23-17-24 - INFO - Training data shape after NaN drop: X_train=(544, 149), y_train=(544, 20)
2025-04-10 23:17:24 - LGBM_MultiOutput_RandomSearch_v5_lgbm_native_nan_2025-04-10_23-17-24 - INFO - Test data shape: X_test=(122, 149)
2025-04-10 23:17:24 - LGBM_MultiOutput_RandomSearch_v5_lgbm_native_nan_2025-04-10_23-17-24 - INFO - Setting up preprocessing pipeline (Encoders + Selective Impute, No Scaler)...
2025-04-10 23:17:24 - LGBM_MultiOutput_RandomSearch_v5_lgbm_native_nan_2025-04-10_23-17-24 - INFO - Encoding Categorical Features (4): ['age_category', 'bmi_category', 'tx1_r', 'sexcd']
2025-04-10 23:17:24 - LGBM_MultiOutput_RandomSearch_v5_lgbm_native_nan_2025-04-10_23-17-24 - INFO - Encoding Ordinal Features (1): ['ais1']
2025-04-10 23:17:24 - LGBM_MultiOutput_RandomSearch_v5_lgbm_native_nan_2025-04-10_23-17-24 - INFO - Passing through Numerical Features (144)
2025-04-10 23:17:24 - LGBM_MultiOutput_RandomSearch_v5_lgbm_native_nan_2025-04-10_23-17-24 - INFO - Starting RandomizedSearchCV with n_iter=1
2025-04-10 23:28:54 - LGBM_MultiOutput_v5_lgbm_native_nan_Manual_Params_2025-04-10_23-28-54 - INFO - --- Starting Run: LGBM_MultiOutput_v5_lgbm_native_nan_Manual_Params_2025-04-10_23-28-54 ---
2025-04-10 23:28:54 - LGBM_MultiOutput_v5_lgbm_native_nan_Manual_Params_2025-04-10_23-28-54 - INFO - Data Directory: ./
2025-04-10 23:28:54 - LGBM_MultiOutput_v5_lgbm_native_nan_Manual_Params_2025-04-10_23-28-54 - INFO - Output Submission File: ./submission_baseline_v2_dropna.csv
2025-04-10 23:28:54 - LGBM_MultiOutput_v5_lgbm_native_nan_Manual_Params_2025-04-10_23-28-54 - INFO - No rows dropped due to missing targets.
2025-04-10 23:28:54 - LGBM_MultiOutput_v5_lgbm_native_nan_Manual_Params_2025-04-10_23-28-54 - INFO - Training data shape before preprocessing (target NaNs dropped): X_train=(544, 149), y_train=(544, 20)
2025-04-10 23:28:54 - LGBM_MultiOutput_v5_lgbm_native_nan_Manual_Params_2025-04-10_23-28-54 - INFO - Training data shape after NaN drop: X_train=(544, 149), y_train=(544, 20)
2025-04-10 23:28:54 - LGBM_MultiOutput_v5_lgbm_native_nan_Manual_Params_2025-04-10_23-28-54 - INFO - Test data shape: X_test=(122, 149)
2025-04-10 23:28:54 - LGBM_MultiOutput_v5_lgbm_native_nan_Manual_Params_2025-04-10_23-28-54 - INFO - Setting up preprocessing pipeline (Encoders + Selective Impute, No Scaler)...
2025-04-10 23:28:54 - LGBM_MultiOutput_v5_lgbm_native_nan_Manual_Params_2025-04-10_23-28-54 - INFO - Encoding Categorical Features (4): ['age_category', 'bmi_category', 'tx1_r', 'sexcd']
2025-04-10 23:28:54 - LGBM_MultiOutput_v5_lgbm_native_nan_Manual_Params_2025-04-10_23-28-54 - INFO - Encoding Ordinal Features (1): ['ais1']
2025-04-10 23:28:54 - LGBM_MultiOutput_v5_lgbm_native_nan_Manual_Params_2025-04-10_23-28-54 - INFO - Passing through Numerical Features (144)
2025-04-10 23:28:54 - LGBM_MultiOutput_v5_lgbm_native_nan_Manual_Params_2025-04-10_23-28-54 - INFO - Mode: Using Manual Hyperparameters
2025-04-10 23:28:54 - LGBM_MultiOutput_v5_lgbm_native_nan_Manual_Params_2025-04-10_23-28-54 - INFO - Manual LGBM Params: {'n_estimators': 300, 'learning_rate': 0.05, 'num_leaves': 31, 'max_depth': -1, 'reg_alpha': 0.1, 'reg_lambda': 0.1, 'colsample_bytree': 0.8, 'subsample': 0.8, 'subsample_freq': 1, 'random_state': 42, 'verbose': -1}
2025-04-10 23:28:54 - LGBM_MultiOutput_v5_lgbm_native_nan_Manual_Params_2025-04-10_23-28-54 - INFO - Performing cross-validation on manual parameters...
2025-04-15 14:33:55 - XGBoost_MultiOutput_v5_native_nan_HPO_Search_2025-04-15_14-33-55 - INFO - --- Starting Run: XGBoost_MultiOutput_v5_native_nan_HPO_Search_2025-04-15_14-33-55 ---
2025-04-15 14:33:55 - XGBoost_MultiOutput_v5_native_nan_HPO_Search_2025-04-15_14-33-55 - INFO - Selected Model Type: XGBoost
2025-04-15 14:33:55 - XGBoost_MultiOutput_v5_native_nan_HPO_Search_2025-04-15_14-33-55 - INFO - Hyperparameter Search Enabled: True
2025-04-15 14:33:55 - XGBoost_MultiOutput_v5_native_nan_HPO_Search_2025-04-15_14-33-55 - INFO - Data Directory: ./
2025-04-15 14:33:55 - XGBoost_MultiOutput_v5_native_nan_HPO_Search_2025-04-15_14-33-55 - INFO - Output Submission File: ./submission_XGBoost_MultiOutput_v5_native_nan_HPO_Search_2025-04-15_14-33-55.csv
2025-04-15 14:33:55 - XGBoost_MultiOutput_v5_native_nan_HPO_Search_2025-04-15_14-33-55 - INFO - Training data shape before preprocessing (target NaNs dropped): X_train=(544, 149), y_train=(544, 20)
2025-04-15 14:33:55 - XGBoost_MultiOutput_v5_native_nan_HPO_Search_2025-04-15_14-33-55 - INFO - Test data shape: X_test=(122, 149)
2025-04-15 14:33:55 - XGBoost_MultiOutput_v5_native_nan_HPO_Search_2025-04-15_14-33-55 - INFO - Setting up preprocessing pipeline (Encoders + Selective Impute, No Scaler)...
2025-04-15 14:33:55 - XGBoost_MultiOutput_v5_native_nan_HPO_Search_2025-04-15_14-33-55 - INFO - Mode: Performing Hyperparameter Search for XGBoost
2025-04-15 14:33:55 - XGBoost_MultiOutput_v5_native_nan_HPO_Search_2025-04-15_14-33-55 - INFO - Starting RandomizedSearchCV with n_iter=5
2025-04-15 14:34:11 - XGBoost_MultiOutput_v5_native_nan_HPO_Search_2025-04-15_14-33-55 - INFO - Hyperparameter search complete.
2025-04-15 14:34:11 - XGBoost_MultiOutput_v5_native_nan_HPO_Search_2025-04-15_14-33-55 - INFO - Best CV RMSE: 1.1854
2025-04-15 14:34:11 - XGBoost_MultiOutput_v5_native_nan_HPO_Search_2025-04-15_14-33-55 - INFO - Best parameters: {'regressor__estimator__colsample_bytree': 0.6557975442608167, 'regressor__estimator__gamma': 0.14607232426760908, 'regressor__estimator__learning_rate': 0.08327236865873834, 'regressor__estimator__max_depth': 8, 'regressor__estimator__n_estimators': 786, 'regressor__estimator__reg_alpha': 0.6183860093330873, 'regressor__estimator__reg_lambda': 0.38246199126716274, 'regressor__estimator__subsample': 0.9932923543227152}
2025-04-15 14:34:11 - XGBoost_MultiOutput_v5_native_nan_HPO_Search_2025-04-15_14-33-55 - INFO - --- Finished Run: XGBoost_MultiOutput_v5_native_nan_HPO_Search_2025-04-15_14-33-55 ---
2025-04-15 14:36:33 - XGBoost_MultiOutput_v5_native_nan_HPO_Search_2025-04-15_14-36-33 - INFO - --- Starting Run: XGBoost_MultiOutput_v5_native_nan_HPO_Search_2025-04-15_14-36-33 ---
2025-04-15 14:36:33 - XGBoost_MultiOutput_v5_native_nan_HPO_Search_2025-04-15_14-36-33 - INFO - Selected Model Type: XGBoost
2025-04-15 14:36:33 - XGBoost_MultiOutput_v5_native_nan_HPO_Search_2025-04-15_14-36-33 - INFO - Hyperparameter Search Enabled: True
2025-04-15 14:36:33 - XGBoost_MultiOutput_v5_native_nan_HPO_Search_2025-04-15_14-36-33 - INFO - Data Directory: ./
2025-04-15 14:36:33 - XGBoost_MultiOutput_v5_native_nan_HPO_Search_2025-04-15_14-36-33 - INFO - Output Submission File: ./submission_XGBoost_MultiOutput_v5_native_nan_HPO_Search_2025-04-15_14-36-33.csv
2025-04-15 14:36:33 - XGBoost_MultiOutput_v5_native_nan_HPO_Search_2025-04-15_14-36-33 - INFO - Training data shape before preprocessing (target NaNs dropped): X_train=(544, 149), y_train=(544, 20)
2025-04-15 14:36:33 - XGBoost_MultiOutput_v5_native_nan_HPO_Search_2025-04-15_14-36-33 - INFO - Test data shape: X_test=(122, 149)
2025-04-15 14:36:33 - XGBoost_MultiOutput_v5_native_nan_HPO_Search_2025-04-15_14-36-33 - INFO - Setting up preprocessing pipeline (Encoders + Selective Impute, No Scaler)...
2025-04-15 14:36:33 - XGBoost_MultiOutput_v5_native_nan_HPO_Search_2025-04-15_14-36-33 - INFO - Mode: Performing Hyperparameter Search for XGBoost
2025-04-15 14:36:33 - XGBoost_MultiOutput_v5_native_nan_HPO_Search_2025-04-15_14-36-33 - INFO - Starting RandomizedSearchCV with n_iter=50
2025-04-15 14:37:25 - XGBoost_MultiOutput_v5_native_nan_HPO_Search_2025-04-15_14-36-33 - INFO - Hyperparameter search complete.
2025-04-15 14:37:25 - XGBoost_MultiOutput_v5_native_nan_HPO_Search_2025-04-15_14-36-33 - INFO - Best CV RMSE: 1.1578
2025-04-15 14:37:25 - XGBoost_MultiOutput_v5_native_nan_HPO_Search_2025-04-15_14-36-33 - INFO - Best parameters: {'regressor__estimator__colsample_bytree': 0.8460028906796679, 'regressor__estimator__gamma': 0.49502692505213164, 'regressor__estimator__learning_rate': 0.03801680304730481, 'regressor__estimator__max_depth': 5, 'regressor__estimator__n_estimators': 589, 'regressor__estimator__reg_alpha': 0.8773730719279554, 'regressor__estimator__reg_lambda': 0.7407686177542044, 'regressor__estimator__subsample': 0.8788062963981071}
2025-04-15 14:37:25 - XGBoost_MultiOutput_v5_native_nan_HPO_Search_2025-04-15_14-36-33 - INFO - --- Finished Run: XGBoost_MultiOutput_v5_native_nan_HPO_Search_2025-04-15_14-36-33 ---
2025-04-15 14:45:49 - LightGBM_MultiOutput_v5_native_nan_HPO_Search_2025-04-15_14-45-49 - INFO - --- Starting Run: LightGBM_MultiOutput_v5_native_nan_HPO_Search_2025-04-15_14-45-49 ---
2025-04-15 14:57:04 - CatBoost_MultiOutput_v5_native_nan_HPO_Search_2025-04-15_14-57-04 - INFO - --- Starting Run: CatBoost_MultiOutput_v5_native_nan_HPO_Search_2025-04-15_14-57-04 ---
2025-04-15 14:57:04 - CatBoost_MultiOutput_v5_native_nan_HPO_Search_2025-04-15_14-57-04 - INFO - Selected Model Type: CatBoost
2025-04-15 14:57:04 - CatBoost_MultiOutput_v5_native_nan_HPO_Search_2025-04-15_14-57-04 - INFO - Hyperparameter Search Enabled: True
2025-04-15 14:57:04 - CatBoost_MultiOutput_v5_native_nan_HPO_Search_2025-04-15_14-57-04 - INFO - Data Directory: ./
2025-04-15 14:57:04 - CatBoost_MultiOutput_v5_native_nan_HPO_Search_2025-04-15_14-57-04 - INFO - Output Submission File: ./submission_CatBoost_MultiOutput_v5_native_nan_HPO_Search_2025-04-15_14-57-04.csv
2025-04-15 14:57:04 - CatBoost_MultiOutput_v5_native_nan_HPO_Search_2025-04-15_14-57-04 - INFO - Training data shape before preprocessing (target NaNs dropped): X_train=(544, 149), y_train=(544, 20)
2025-04-15 14:57:04 - CatBoost_MultiOutput_v5_native_nan_HPO_Search_2025-04-15_14-57-04 - INFO - Test data shape: X_test=(122, 149)
2025-04-15 14:57:04 - CatBoost_MultiOutput_v5_native_nan_HPO_Search_2025-04-15_14-57-04 - INFO - Setting up preprocessing pipeline (Encoders + Selective Impute, No Scaler)...
2025-04-15 14:57:04 - CatBoost_MultiOutput_v5_native_nan_HPO_Search_2025-04-15_14-57-04 - INFO - Mode: Performing Hyperparameter Search for CatBoost
2025-04-15 14:57:04 - CatBoost_MultiOutput_v5_native_nan_HPO_Search_2025-04-15_14-57-04 - INFO - Starting RandomizedSearchCV with n_iter=50
2025-04-15 15:15:05 - CatBoost_MultiOutput_v5_native_nan_HPO_Search_2025-04-15_15-15-05 - INFO - --- Starting Run: CatBoost_MultiOutput_v5_native_nan_HPO_Search_2025-04-15_15-15-05 ---
2025-04-15 15:15:05 - CatBoost_MultiOutput_v5_native_nan_HPO_Search_2025-04-15_15-15-05 - INFO - Selected Model Type: CatBoost
2025-04-15 15:15:05 - CatBoost_MultiOutput_v5_native_nan_HPO_Search_2025-04-15_15-15-05 - INFO - Hyperparameter Search Enabled: True
2025-04-15 15:15:05 - CatBoost_MultiOutput_v5_native_nan_HPO_Search_2025-04-15_15-15-05 - INFO - Data Directory: ./
2025-04-15 15:15:05 - CatBoost_MultiOutput_v5_native_nan_HPO_Search_2025-04-15_15-15-05 - INFO - Output Submission File: ./submission_CatBoost_MultiOutput_v5_native_nan_HPO_Search_2025-04-15_15-15-05.csv
2025-04-15 15:15:05 - CatBoost_MultiOutput_v5_native_nan_HPO_Search_2025-04-15_15-15-05 - INFO - Training data shape before preprocessing (target NaNs dropped): X_train=(544, 149), y_train=(544, 20)
2025-04-15 15:15:05 - CatBoost_MultiOutput_v5_native_nan_HPO_Search_2025-04-15_15-15-05 - INFO - Test data shape: X_test=(122, 149)
2025-04-15 15:15:05 - CatBoost_MultiOutput_v5_native_nan_HPO_Search_2025-04-15_15-15-05 - INFO - Setting up preprocessing pipeline (Encoders + Selective Impute, No Scaler)...
2025-04-15 15:15:05 - CatBoost_MultiOutput_v5_native_nan_HPO_Search_2025-04-15_15-15-05 - INFO - Mode: Performing Hyperparameter Search for CatBoost
2025-04-15 15:15:05 - CatBoost_MultiOutput_v5_native_nan_HPO_Search_2025-04-15_15-15-05 - INFO - Starting RandomizedSearchCV with n_iter=50
2025-04-15 17:06:55 - CatBoost_MultiOutput_v5_native_nan_HPO_Search_2025-04-15_15-15-05 - INFO - Hyperparameter search complete.
2025-04-15 17:06:55 - CatBoost_MultiOutput_v5_native_nan_HPO_Search_2025-04-15_15-15-05 - INFO - Best CV RMSE: 1.1287
2025-04-15 17:06:55 - CatBoost_MultiOutput_v5_native_nan_HPO_Search_2025-04-15_15-15-05 - INFO - Best parameters: {'regressor__estimator__depth': 4, 'regressor__estimator__iterations': 198, 'regressor__estimator__l2_leaf_reg': 10.736638367553173, 'regressor__estimator__learning_rate': 0.06678419494749314, 'regressor__estimator__subsample': 0.7221455441377573}
2025-04-15 17:06:55 - CatBoost_MultiOutput_v5_native_nan_HPO_Search_2025-04-15_15-15-05 - INFO - --- Finished Run: CatBoost_MultiOutput_v5_native_nan_HPO_Search_2025-04-15_15-15-05 ---
